Namespace(device=0, gnn='gcn', graph_pooling='sum', drop_ratio=0.5, num_layers=3, emb_dim=256, train_subset=False, batch_size=256, epochs=10, num_workers=0, log_dir='', checkpoint_dir='/home/chenruiyang/Code/GNN/GIFTS/MISC/gcn/Ours/ogbn-mag/num_layer3/checkpoint_dir', save_test_dir='', dataset_route='/home/chenruiyang/Code/GNN/GIFTS/dataset', use_cpu_only=True, dataset_name='ogbn-mag', cpu_threads=32, compress_flag=True, reorder_flag=False, value_only_flag=False)
Graph params -> number of nodes: 736389, number of edges: 11529061, number of features: 128, hidden layer: 256, number of classes: 349
#Params: 188509
Predicting on test data...
Use Compress
Aggregation Time: 0.1411590576171875
Use Compress
Aggregation Time: 0.27910780906677246
Use Compress
Aggregation Time: 0.2823023796081543
Use Compress
Aggregation Time: 0.14148306846618652
Use Compress
Aggregation Time: 0.2876417636871338
Use Compress
Aggregation Time: 0.278792142868042
Use Compress
Aggregation Time: 0.14564776420593262
Use Compress
Aggregation Time: 0.2678110599517822
Use Compress
Aggregation Time: 0.24249005317687988
Use Compress
Aggregation Time: 0.14227724075317383
Use Compress
Aggregation Time: 0.2216958999633789
Use Compress
Aggregation Time: 0.22021102905273438
Use Compress
Aggregation Time: 0.12134337425231934
Use Compress
Aggregation Time: 0.22139382362365723
Use Compress
Aggregation Time: 0.25935935974121094
Use Compress
Aggregation Time: 0.12204384803771973
Use Compress
Aggregation Time: 0.22362446784973145
Use Compress
Aggregation Time: 0.24135756492614746
Use Compress
Aggregation Time: 0.13019180297851562
Use Compress
Aggregation Time: 0.23514294624328613
Use Compress
Aggregation Time: 0.2422335147857666
Use Compress
Aggregation Time: 0.15168237686157227
Use Compress
Aggregation Time: 0.25371623039245605
Use Compress
Aggregation Time: 0.23802542686462402
Use Compress
Aggregation Time: 0.14687180519104004
Use Compress
Aggregation Time: 0.2658674716949463
Use Compress
Aggregation Time: 0.25688743591308594
Use Compress
Aggregation Time: 0.13805079460144043
Use Compress
Aggregation Time: 0.26896119117736816
Use Compress
Aggregation Time: 0.26345229148864746
(0.3610855646146344, 0.3554617056366467, 0.3613820072009347)
