Namespace(device=0, gnn='sage', graph_pooling='sum', drop_ratio=0.5, num_layers=3, emb_dim=256, train_subset=False, batch_size=256, epochs=10, num_workers=0, log_dir='', checkpoint_dir='/home/chenruiyang/Code/GNN/GIFTS/MISC/sage/Ours/ogbn-mag/num_layer3/checkpoint_dir', save_test_dir='', dataset_route='/home/chenruiyang/Code/GNN/GIFTS/dataset', use_cpu_only=True, dataset_name='ogbn-mag', cpu_threads=32, compress_flag=True, reorder_flag=False, value_only_flag=False)
Graph params -> number of nodes: 736389, number of edges: 10792672, number of features: 128, hidden layer: 256, number of classes: 349
#Params: 376157
Predicting on test data...
Use Compress
Aggregation Time: 0.13414525985717773
Use Compress
Aggregation Time: 0.2635982036590576
Use Compress
Aggregation Time: 0.2531397342681885
Use Compress
Aggregation Time: 0.12566161155700684
Use Compress
Aggregation Time: 0.22999930381774902
Use Compress
Aggregation Time: 0.22673773765563965
Use Compress
Aggregation Time: 0.13393020629882812
Use Compress
Aggregation Time: 0.24789786338806152
Use Compress
Aggregation Time: 0.22780752182006836
Use Compress
Aggregation Time: 0.12361669540405273
Use Compress
Aggregation Time: 0.21168112754821777
Use Compress
Aggregation Time: 0.22504496574401855
Use Compress
Aggregation Time: 0.1114954948425293
Use Compress
Aggregation Time: 0.19823741912841797
Use Compress
Aggregation Time: 0.20543265342712402
Use Compress
Aggregation Time: 0.12352585792541504
Use Compress
Aggregation Time: 0.19801068305969238
Use Compress
Aggregation Time: 0.1981792449951172
Use Compress
Aggregation Time: 0.1324326992034912
Use Compress
Aggregation Time: 0.2547132968902588
Use Compress
Aggregation Time: 0.2517118453979492
Use Compress
Aggregation Time: 0.12644624710083008
Use Compress
Aggregation Time: 0.22819161415100098
Use Compress
Aggregation Time: 0.2264695167541504
Use Compress
Aggregation Time: 0.11649346351623535
Use Compress
Aggregation Time: 0.19931817054748535
Use Compress
Aggregation Time: 0.20177817344665527
Use Compress
Aggregation Time: 0.10991644859313965
Use Compress
Aggregation Time: 0.20145511627197266
Use Compress
Aggregation Time: 0.20019745826721191
(0.36342684145235404, 0.3544906672420968, 0.3576623190824769)
